 
                                                                                               
 
 
Fit Statistics

Target=class Target Label=class

   Fit
Statistics    Statistics Label                     Train    Validation

 _DFT_        Total Degrees of Freedom           199.000         .    
 _DFE_        Degrees of Freedom for Error       150.000         .    
 _DFM_        Model Degrees of Freedom            49.000         .    
 _NW_         Number of Estimated Weights         49.000         .    
 _AIC_        Akaike's Information Criterion     248.716         .    
 _SBC_        Schwarz's Bayesian Criterion       410.088         .    
 _ASE_        Average Squared Error                0.119        0.217 
 _MAX_        Maximum Absolute Error               0.939        0.996 
 _DIV_        Divisor for ASE                    398.000      174.000 
 _NOBS_       Sum of Frequencies                 199.000       87.000 
 _RASE_       Root Average Squared Error           0.345        0.466 
 _SSE_        Sum of Squared Errors               47.331       37.726 
 _SUMW_       Sum of Case Weights Times Freq     398.000      174.000 
 _FPE_        Final Prediction Error               0.197         .    
 _MSE_        Mean Squared Error                   0.158        0.217 
 _RFPE_       Root Final Prediction Error          0.443         .    
 _RMSE_       Root Mean Squared Error              0.397        0.466 
 _AVERR_      Average Error Function               0.379        0.693 
 _ERR_        Error Function                     150.716      120.613 
 _MISC_       Misclassification Rate               0.186        0.322 
 _WRONG_      Number of Wrong Classifications     37.000       28.000 
 
                                                                                               
 
 
Classification Table

Data Role=TRAIN Target Variable=class Target Label=class

                                                Target       Outcome    Frequency      Total
       Target                Outcome          Percentage   Percentage     Count     Percentage

NO-RECURRENCE-EVENTS   NO-RECURRENCE-EVENTS     84.1060      90.7143       127        63.8191 
RECURRENCE-EVENTS      NO-RECURRENCE-EVENTS     15.8940      40.6780        24        12.0603 
NO-RECURRENCE-EVENTS   RECURRENCE-EVENTS        27.0833       9.2857        13         6.5327 
RECURRENCE-EVENTS      RECURRENCE-EVENTS        72.9167      59.3220        35        17.5879 


Data Role=VALIDATE Target Variable=class Target Label=class

                                                Target       Outcome    Frequency      Total
       Target                Outcome          Percentage   Percentage     Count     Percentage

NO-RECURRENCE-EVENTS   NO-RECURRENCE-EVENTS     77.0492      77.0492        47        54.0230 
RECURRENCE-EVENTS      NO-RECURRENCE-EVENTS     22.9508      53.8462        14        16.0920 
NO-RECURRENCE-EVENTS   RECURRENCE-EVENTS        53.8462      22.9508        14        16.0920 
RECURRENCE-EVENTS      RECURRENCE-EVENTS        46.1538      46.1538        12        13.7931 
 
                                                                                               
 
 
Event Classification Table

Data Role=TRAIN Target=class Target Label=class

  False       True        False       True
Negative    Negative    Positive    Positive

   24          127         13          35   


Data Role=VALIDATE Target=class Target Label=class

  False       True        False       True
Negative    Negative    Positive    Positive

   14          47          14          12   
 
                                                                                               
 
 
Assessment Score Rankings

Data Role=TRAIN Target Variable=class Target Label=class

                                                                                    Mean
                            Cumulative       %      Cumulative     Number of     Posterior
Depth      Gain     Lift       Lift      Response   % Response   Observations   Probability

   5    237.288   3.37288     3.37288       100       100.000         10          0.95093  
  10    220.424   3.03559     3.20424        90        95.000         10          0.82414  
  15    192.316   2.36102     2.92316        70        86.667         10          0.72665  
  20    169.831   2.02373     2.69831        60        80.000         10          0.63241  
  25    142.847   1.34915     2.42847        40        72.000         10          0.53201  
  30    133.291   1.85508     2.33291        55        69.167         10          0.47385  
  35    128.874   2.02373     2.28874        60        67.857         10          0.44223  
  40    110.805   0.84322     2.10805        25        62.500         10          0.32798  
  45     87.382   0.00000     1.87382         0        55.556         10          0.21247  
  50     72.017   0.33729     1.72017        10        51.000         10          0.18371  
  55     60.059   0.40475     1.60059        12        47.455         10          0.16735  
  60     48.969   0.26983     1.48969         8        44.167         10          0.13751  
  65     40.104   0.33729     1.40104        10        41.538         10          0.11124  
  70     37.324   1.01186     1.37324        30        40.714         10          0.08858  
  75     30.418   0.33729     1.30418        10        38.667         10          0.07396  
  80     24.375   0.33729     1.24375        10        36.875         10          0.06028  
  85     17.059   0.00000     1.17059         0        34.706         10          0.05449  
  90     10.556   0.00000     1.10556         0        32.778         10          0.04397  
  95      4.737   0.00000     1.04737         0        31.053         10          0.02836  
 100      0.000   0.00000     1.00000         0        29.648          9          0.00517  


Data Role=VALIDATE Target Variable=class Target Label=class

                                                                                    Mean
                            Cumulative       %      Cumulative     Number of     Posterior
Depth      Gain     Lift       Lift      Response   % Response   Observations   Probability

   5    100.769   2.00769     2.00769      60.0       60.0000          5          0.91690  
  10     85.897   1.67308     1.85897      50.0       55.5556          4          0.85795  
  15     91.209   2.00769     1.91209      60.0       57.1429          5          0.74867  
  20     67.308   0.83654     1.67308      25.0       50.0000          4          0.64829  
  25     59.703   1.25481     1.59703      37.5       47.7273          4          0.59958  
  30     48.718   1.00385     1.48718      30.0       44.4444          5          0.53119  
  35     61.911   2.50962     1.61911      75.0       48.3871          4          0.47884  
  40     62.527   1.67308     1.62527      50.0       48.5714          4          0.35268  
  45     50.577   0.66923     1.50577      20.0       45.0000          5          0.23123  
  50     44.493   0.83654     1.44493      25.0       43.1818          4          0.16969  
  55     32.452   0.00000     1.32452       0.0       39.5833          4          0.13982  
  60     19.956   0.00000     1.19956       0.0       35.8491          5          0.09604  
  65     11.538   0.00000     1.11538       0.0       33.3333          4          0.08585  
  70      4.224   0.00000     1.04224       0.0       31.1475          4          0.08004  
  75      1.399   0.66923     1.01399      20.0       30.3030          5          0.07545  
  80      9.945   2.50962     1.09945      75.0       32.8571          4          0.06889  
  85     13.046   1.67308     1.13046      50.0       33.7838          4          0.05533  
  90      5.891   0.00000     1.05891       0.0       31.6456          5          0.04718  
  95      0.788   0.00000     1.00788       0.0       30.1205          4          0.01466  
 100      0.000   0.83654     1.00000      25.0       29.8851          4          0.00217  
 
                                                                                               
 
 
Assessment Score Distribution

Data Role=TRAIN Target Variable=class Target Label=class

 Posterior     Number                     Mean
Probability      of      Number of     Posterior
   Range       Events    Nonevents    Probability    Percentage

 0.95-1.00        5           0         0.99080         2.5126 
 0.90-0.95        3           0         0.92644         1.5075 
 0.85-0.90        2           0         0.88798         1.0050 
 0.80-0.85        6           1         0.83998         3.5176 
 0.75-0.80        8           1         0.76768         4.5226 
 0.65-0.70        4           4         0.67089         4.0201 
 0.60-0.65        2           1         0.63055         1.5075 
 0.55-0.60        3           3         0.58918         3.0151 
 0.50-0.55        2           3         0.51725         2.5126 
 0.45-0.50        9           7         0.47171         8.0402 
 0.40-0.45        4           3         0.43192         3.5176 
 0.35-0.40        1           2         0.39233         1.5075 
 0.30-0.35        0           1         0.31035         0.5025 
 0.25-0.30        1           4         0.27310         2.5126 
 0.20-0.25        0           5         0.22930         2.5126 
 0.15-0.20        2          22         0.18099        12.0603 
 0.10-0.15        2          17         0.12823         9.5477 
 0.05-0.10        5          37         0.07069        21.1055 
 0.00-0.05        0          29         0.02655        14.5729 


Data Role=VALIDATE Target Variable=class Target Label=class

 Posterior     Number                     Mean
Probability      of      Number of     Posterior
   Range       Events    Nonevents    Probability    Percentage

 0.95-1.00        0           1         0.98381         1.1494 
 0.90-0.95        2           0         0.92396         2.2989 
 0.85-0.90        2           2         0.87389         4.5977 
 0.80-0.85        1           2         0.83020         3.4483 
 0.75-0.80        1           1         0.77180         2.2989 
 0.70-0.75        1           0         0.73522         1.1494 
 0.65-0.70        2           1         0.65820         3.4483 
 0.60-0.65        0           4         0.62828         4.5977 
 0.55-0.60        2           2         0.57648         4.5977 
 0.50-0.55        1           1         0.51066         2.2989 
 0.45-0.50        3           3         0.47725         6.8966 
 0.40-0.45        1           0         0.43048         1.1494 
 0.25-0.30        1           0         0.28140         1.1494 
 0.20-0.25        0           5         0.24161         5.7471 
 0.15-0.20        2           3         0.17462         5.7471 
 0.10-0.15        0           4         0.13982         4.5977 
 0.05-0.10        6          22         0.07574        32.1839 
 0.00-0.05        1          10         0.01823        12.6437 
