MPRINT(EM_DIAGRAM):    data _null_;
MPRINT(EM_DIAGRAM):   call symput('NLDATE', strip(put(date(), NLDATE.)));
MPRINT(EM_DIAGRAM):   call symput('NLTIME', strip(put(datetime(), NLTIME.)));
MPRINT(EM_DIAGRAM):   run;
MPRINT(EM_DIAGRAM):   data _null_;
MPRINT(EM_DIAGRAM):   nldate= sasmsg("sashelp.dmine", "log_date_note", 'N', "August 07, 2022" );
MPRINT(EM_DIAGRAM):   nltime= sasmsg("sashelp.dmine", "log_time_note", 'N', "19:13:40" );
MPRINT(EM_DIAGRAM):   put "*------------------------------------------------------------*";
MPRINT(EM_DIAGRAM):   put "* Report Log";
MPRINT(EM_DIAGRAM):   put nldate;
MPRINT(EM_DIAGRAM):   put nltime;
MPRINT(EM_DIAGRAM):   put "*------------------------------------------------------------*";
MPRINT(EM_DIAGRAM):   run;
*------------------------------------------------------------*
* Report Log
Date:                August 07, 2022
Time:                19:13:40
*------------------------------------------------------------*
MPRINT(EM_DIAGRAM):    filename O3CSXI5G "C:\Users\brahm\OneDrive\Desktop\BAN210_Project\Workspaces\EMWS1\Trans\EMREPORT.out" encoding="UTF-8" NOBOM;
MPRINT(EM_DIAGRAM):   proc printto print=O3CSXI5G new;
MPRINT(EM_DIAGRAM):   run;
42833      data EMWS1.Trans_EMSCOREVAR;
MPRINT(EM_DIAGRAM):    data EMWS1.Trans_EMSCOREVAR;
42834      length Name $32 formula $300 file $200;
MPRINT(EM_DIAGRAM):   length Name $32 formula $300 file $200;
42835      keep NAME Formula file;
MPRINT(EM_DIAGRAM):   keep NAME Formula file;
42836      run;
MPRINT(EM_DIAGRAM):   run;

NOTE: Variable Name is uninitialized.
NOTE: Variable formula is uninitialized.
NOTE: Variable file is uninitialized.
NOTE: The data set EMWS1.TRANS_EMSCOREVAR has 1 observations and 3 variables.
NOTE: DATA statement used (Total process time):
      real time           0.00 seconds
      cpu time            0.01 seconds
      

MPRINT(EM_DIAGRAM):    proc printto;
MPRINT(EM_DIAGRAM):   run;
