NOTE: PROCEDURE PRINTTO used (Total process time):
      real time           0.00 seconds
      cpu time            0.00 seconds
      

Traverser: Traverser invoked.  MPCONNECT command is !sascmdv -nosyntaxcheck -noasynchio -noobjectserver. 
Traverser: Beginning flow traversal 
16070      data _null_;
MPRINT(EM_DIAGRAM):    data _null_;
16071      file emwipmsg;
MPRINT(EM_DIAGRAM):   file emwipmsg;
16072      put '<Node Id="FIMPORT" Event="Run" Pid="12580" Gridid=""/>';
MPRINT(EM_DIAGRAM):   put '<Node Id="FIMPORT" Event="Run" Pid="12580" Gridid=""/>';
16073      run;
MPRINT(EM_DIAGRAM):   run;

NOTE: The file EMWIPMSG is:
      Local Host Name=DESKTOP-VQ3H6HR,
      Local Host IP addr=fe80::99a:960c:9caf:62cb%7,
      Peer Hostname Name=DESKTOP-VQ3H6HR,
      Peer IP addr=127.0.0.1,Peer Name=N/A,
      Peer Portno=61800,Lrecl=32767,Recfm=Variable

NOTE: 1 record was written to the file EMWIPMSG.
      The minimum record length was 54.
      The maximum record length was 54.
NOTE: DATA statement used (Total process time):
      real time           0.02 seconds
      cpu time            0.00 seconds
      

16074      %let emloopmode =;
*------------------------------------------------------------* 
* 
* FIMPORT : Beginning update before running 
* datetime : 07AUG2022:20:09:37 
* 
*------------------------------------------------------------* 
MPRINT(EM_DIAGRAM):     *------------------------------------------------------------*;
MPRINT(EM_DIAGRAM):   * FIMPORT: Generation of macros and macro variables;
MPRINT(EM_DIAGRAM):   * To see the code generated, set the EM_DEBUG macro variable to SOURCE or _ALL_;
MPRINT(EM_DIAGRAM):   *------------------------------------------------------------*;
MPRINT(EM_DIAGRAM):   *------------------------------------------------------------*;
MPRINT(EM_DIAGRAM):   * FIMPORT: EM Macro Variables and Macros;
MPRINT(EM_DIAGRAM):   *------------------------------------------------------------*;
MPRINT(EM_DIAGRAM):   *------------------------------------------------------------* ;
MPRINT(EM_DIAGRAM):   * System Macro Variables;
MPRINT(EM_DIAGRAM):   *------------------------------------------------------------* ;
MPRINT(EM_DIAGRAM):   data _null_;
MPRINT(EM_DIAGRAM):   length string $2000;
MPRINT(EM_DIAGRAM):   string = 'BAN210_Project';
MPRINT(EM_DIAGRAM):   call symput('EM_PROJECTNAME', trim(string));
MPRINT(EM_DIAGRAM):   string = 'Diag1';
MPRINT(EM_DIAGRAM):   call symput('EM_WSNAME', trim(string));
MPRINT(EM_DIAGRAM):   run;
MPRINT(EM_DIAGRAM):   *------------------------------------------------------------* ;
MPRINT(EM_DIAGRAM):   * Properties Macro Variables ;
MPRINT(EM_DIAGRAM):   *------------------------------------------------------------* ;
MPRINT(EM_DIAGRAM):   *------------------------------------------------------------*;
MPRINT(EM_DIAGRAM):   * Files Macro Variables;
MPRINT(EM_DIAGRAM):   *------------------------------------------------------------*;
MPRINT(EM_DIAGRAM):   *------------------------------------------------------------*;
MPRINT(EM_DIAGRAM):   * Import Macro Variables;
MPRINT(EM_DIAGRAM):   *------------------------------------------------------------*;
MPRINT(EM_DIAGRAM):   *------------------------------------------------------------*;
MPRINT(EM_DIAGRAM):   * Export Macro Variables;
MPRINT(EM_DIAGRAM):   *------------------------------------------------------------*;
MPRINT(EM_DIAGRAM):   *------------------------------------------------------------*;
MPRINT(EM_DIAGRAM):   * Decision Macro Variables;
MPRINT(EM_DIAGRAM):   *------------------------------------------------------------*;
MPRINT(EM_DIAGRAM):   *------------------------------------------------------------*;
MPRINT(EM_DIAGRAM):   * Statement Macro Variables;
MPRINT(EM_DIAGRAM):   *------------------------------------------------------------*;
16276      %let emexceptionString =;
16277      %let EMEXCEPTIONSTRING=;
16278      *------------------------------------------------------------*;
MPRINT(EM_DIAGRAM):    *------------------------------------------------------------*;
16279      * UPDATE: FIMPORT;
MPRINT(EM_DIAGRAM):   * UPDATE: FIMPORT;
16280      *------------------------------------------------------------*;
MPRINT(EM_DIAGRAM):   *------------------------------------------------------------*;
16281      %let EM_ACTION = UPDATE;
16282      %let syscc = 0;
16283      /* Fimport.source */
16284      %macro main;
16285            %if %upcase(&EM_ACTION) = CREATE %then %do;
16286               filename temp catalog 'sashelp.emsamp.Fimport_create.source';
16287               %include temp;
16288               filename temp;
16289               %create;
16290            %end;
16291            %else
16292            %if %upcase(&EM_ACTION) = TRAIN %then %do;
16293               filename temp catalog 'sashelp.emsamp.Fimport_train.source';
16294               %include temp;
16295               filename temp;
16296               %train;
16297            %end;
16298            %else
16299            %if %upcase(&EM_ACTION) = UPDATE %then %do;
16300               filename temp catalog 'sashelp.emsamp.Fimport_update.source';
16301               %include temp;
16302               filename temp;
16303               %update;
16304            %end;
16305            %else
16306            %if %upcase(&EM_ACTION) = PROPERTY %then %do;
16307               filename temp catalog 'sashelp.emsamp.Fimport_actions.source';
16308               %include temp;
16309               filename temp;
16310               %property;
16311            %end;
16312             %else
16313            %if %upcase(&EM_ACTION) = SCORE %then %do;
16314               filename temp catalog 'sashelp.emsamp.Fimport_score.source';
16315               %include temp;
16316               filename temp;
16317               %score;
16318            %end;
16319            %else
16320            %if %upcase(&EM_ACTION) = REPORT %then %do;
16321               filename temp catalog 'sashelp.emsamp.Fimport_report.source';
16322               %include temp;
16323               filename temp;
16324               %report;
16325            %end;
16326            %else
16327            %if %upcase(&EM_ACTION) = OPENVARIABLESET %then %do;
16328               filename temp catalog 'sashelp.emsamp.Fimport_actions.source';
16329               %include temp;
16330               filename temp;
16331               %openvariableset;
16332            %end;
16333            %else
16334            %if %upcase(&EM_ACTION) = CLOSEVARIABLESET %then %do;
16335               filename temp catalog 'sashelp.emsamp.Fimport_actions.source';
16336               %include temp;
16337               filename temp;
16338               %closevariableset;
16339            %end;
16340      %mend main;
16341      %main;
MPRINT(EM_DIAGRAM):    
MPRINT(MAIN):   filename temp catalog 'sashelp.emsamp.Fimport_update.source';
NOTE: %INCLUDE (level 1) file TEMP is file SASHELP.EMSAMP.FIMPORT_UPDATE.SOURCE.
16342     +%macro update;
16343     +    %let oldrole = %str();
16344     +    data _null_;
16345     +       set &em_data_exportset;
16346     +       where NODEPORT='TRAIN';
16347     +       call symput('oldrole', ROLE);
16348     +    run;
16349     +    %if &oldrole ne &em_property_role %then %do;
16350     +        data &em_data_exportset;
16351     +           set &em_data_exportset;
16352     +           if NODEPORT='TRAIN' then do;
16353     +              ROLE="&em_property_role";
16354     +              NEEDUPDATE='Y';
16355     +              EXPORT='Y';
16356     +           end;
16357     +        run;
16358     +        filename x "&EM_NODEDIR.&EM_DSEP._updatePath.st";
16359     +        data _null_;
16360     +           file x;
16361     +           put ' ';
16362     +        run;
16363     +        filename x;
16364     +    %end;
16365     +    %else %do;
16366     +        data &em_data_exportset;
16367     +           set &em_data_exportset;
16368     +           if NODEPORT='TRAIN' then do;
16369     +              ROLE="&em_property_role";
16370     +              NEEDUPDATE='Y';
16371     +              EXPORT='Y';
16372     +           end;
16373     +        run;
16374     +    %end;
16375     +
16376     +    %em_getname(key=EMCMETADEFAULT, type=DATA);
16377     +    %if %sysfunc(exist(&em_user_emcmetadefault)) and ^%sysfunc(exist(&em_lib..&em_nodeid._CMETA_TRAIN)) %then %do;
16378     +        data &em_lib..&em_nodeid._CMETA_TRAIN;
16379     +           set &em_user_emcmetadefault;
16380     +           drop DROP;
16381     +           where DROP='N';
16382     +        run;
16383     +    %end;
16384     +
16385     +%mend update;
16386     +
16387     +
16388     +
16389     +
NOTE: %INCLUDE (level 1) ending.
MPRINT(MAIN):   filename temp;
NOTE: Fileref TEMP has been deassigned.
MPRINT(UPDATE):   data _null_;
MPRINT(UPDATE):   set EMWS1.FIMPORT_ExportSet;
MPRINT(UPDATE):   where NODEPORT='TRAIN';
MPRINT(UPDATE):   call symput('oldrole', ROLE);
MPRINT(UPDATE):   run;

NOTE: There were 1 observations read from the data set EMWS1.FIMPORT_EXPORTSET.
      WHERE NODEPORT='TRAIN';
NOTE: DATA statement used (Total process time):
      real time           0.01 seconds
      cpu time            0.00 seconds
      

MPRINT(UPDATE):   data EMWS1.FIMPORT_ExportSet;
MPRINT(UPDATE):   set EMWS1.FIMPORT_ExportSet;
MPRINT(UPDATE):   if NODEPORT='TRAIN' then do;
MPRINT(UPDATE):   ROLE="TRAIN";
MPRINT(UPDATE):   NEEDUPDATE='Y';
MPRINT(UPDATE):   EXPORT='Y';
MPRINT(UPDATE):   end;
MPRINT(UPDATE):   run;

NOTE: There were 6 observations read from the data set EMWS1.FIMPORT_EXPORTSET.
NOTE: The data set EMWS1.FIMPORT_EXPORTSET has 6 observations and 18 variables.
NOTE: DATA statement used (Total process time):
      real time           0.01 seconds
      cpu time            0.01 seconds
      

MPRINT(UPDATE):  ;
MPRINT(MAIN):  ;
MPRINT(EM_DIAGRAM):  ;
MPRINT(EM_DIAGRAM):   *------------------------------------------------------------*;
MPRINT(EM_DIAGRAM):   * End UPDATE: FIMPORT;
MPRINT(EM_DIAGRAM):   *------------------------------------------------------------*;
16390      *------------------------------------------------------------*;
16391      * End UPDATE: FIMPORT;
16392      *------------------------------------------------------------*;

16393      %em_delMacro;
MPRINT(EM_DIAGRAM):   
MPRINT(EM_DIAGRAM):  ;

MPRINT(EM_DIAGRAM):    filename _emtool_ 'C:\Users\brahm\OneDrive\Desktop\BAN210_Project\Workspaces\EMWS1\FIMPORT\PROPERTIES.xml' encoding="UTF-8" NOBOM;
16395      %let _HPDMGRIDHOST=;
16396      %let _HPDMGRIDINSTALLLOC=;
16397      %let _HPDMGRIDDATASERVER=;
16398      %hpdm_gridSetOPtions;
MPRINT(EM_DIAGRAM):   
MPRINT(HPDM_GRIDSETOPTIONS):   data _null_;
MPRINT(HPDM_GRIDSETOPTIONS):   length optionString string $2000;
MPRINT(HPDM_GRIDSETOPTIONS):   optionString = reverse(getoption('SET'));
MPRINT(HPDM_GRIDSETOPTIONS):   index = index(optionString, reverse('GRIDHOST'));
MPRINT(HPDM_GRIDSETOPTIONS):   if index then do;
MPRINT(HPDM_GRIDSETOPTIONS):   string = reverse(substr(optionString, 1, index-4));
MPRINT(HPDM_GRIDSETOPTIONS):   host = '"'!!strip(tranwrd(scan(string, 1, ']'), '"', ''))!!'"';
MPRINT(HPDM_GRIDSETOPTIONS):   call symput('_HPDMGRIDHOST', strip(host));
MPRINT(HPDM_GRIDSETOPTIONS):   end;
MPRINT(HPDM_GRIDSETOPTIONS):   index = index(optionString, reverse('GRIDINSTALLLOC'));
MPRINT(HPDM_GRIDSETOPTIONS):   if index then do;
MPRINT(HPDM_GRIDSETOPTIONS):   string = reverse(substr(optionString, 1, index-4));
MPRINT(HPDM_GRIDSETOPTIONS):   install = '"'!!strip(tranwrd(scan(string, 1, ']'), '"', ''))!!'"';
MPRINT(HPDM_GRIDSETOPTIONS):   call symput('_HPDMGRIDINSTALLLOC', strip(install));
MPRINT(HPDM_GRIDSETOPTIONS):   end;
MPRINT(HPDM_GRIDSETOPTIONS):   index = index(optionString, reverse('GRIDDATASERVER'));
MPRINT(HPDM_GRIDSETOPTIONS):   if index then do;
MPRINT(HPDM_GRIDSETOPTIONS):   string = reverse(substr(optionString, 1, index-4));
MPRINT(HPDM_GRIDSETOPTIONS):   server = '"'!!strip(tranwrd(scan(string, 1, ']'), '"', ''))!!'"';
MPRINT(HPDM_GRIDSETOPTIONS):   call symput('_HPDMGRIDDATASERVER', strip(server));
MPRINT(HPDM_GRIDSETOPTIONS):   end;
MPRINT(HPDM_GRIDSETOPTIONS):   run;

NOTE: DATA statement used (Total process time):
      real time           0.01 seconds
      cpu time            0.00 seconds
      

MPRINT(EM_DIAGRAM):  ;

*------------------------------------------------------------* 
* 
* FIMPORT : End update 
* datetime : 07AUG2022:20:09:37 
* 
*------------------------------------------------------------* 
16399      %em_getactionstatus(emlib =EMWS1, nodeid=FIMPORT);
MPRINT(EM_DIAGRAM):   
MPRINT(EM_GETACTIONSTATUS):   proc display c=sashelp.emutil.getactionstatus.scl;
MPRINT(EM_GETACTIONSTATUS):   run;

16400      %let em_filemodtime=;
16401      data _null_;
MPRINT(EM_GETACTIONSTATUS):   data _null_;
16402      format modate best.;
MPRINT(EM_GETACTIONSTATUS):   format modate best.;
16403      set sashelp.Vextfl;
MPRINT(EM_GETACTIONSTATUS):   set sashelp.Vextfl;
16404      where fileref eq "#LN00123";
MPRINT(EM_GETACTIONSTATUS):   where fileref eq "#LN00123";
16405      call symput('EM_FILEMODTIME', put(modate, best.));
MPRINT(EM_GETACTIONSTATUS):   call symput('EM_FILEMODTIME', put(modate, best.));
16406      run;
MPRINT(EM_GETACTIONSTATUS):   run;

NOTE: There were 1 observations read from the data set SASHELP.VEXTFL.
      WHERE fileref='#LN00123';
NOTE: DATA statement used (Total process time):
      real time           0.02 seconds
      cpu time            0.01 seconds
      

16407      %symdel em_filemodtime;
WARNING: Attempt to delete macro variable EM_FILEMODTIME failed. Variable not found.
16408      %let em_Train = N;
16409      %let em_Score = N;
16410      %let em_Report = N;
16411      %let em_Run = N;
NOTE: PROCEDURE DISPLAY used (Total process time):
      real time           0.03 seconds
      cpu time            0.01 seconds
      

MPRINT(EM_GETACTIONSTATUS):     
MPRINT(EM_DIAGRAM):  ;

Node "FIMPORT" has already run. 
Node "FIMPORT" succeeded. 
16412      data _null_;
MPRINT(EM_DIAGRAM):    data _null_;
16413      file emwipmsg;
MPRINT(EM_DIAGRAM):   file emwipmsg;
16414      put '<Node Id="FIMPORT" Event="Complete" Pid="12580" Gridid=""/>';
MPRINT(EM_DIAGRAM):   put '<Node Id="FIMPORT" Event="Complete" Pid="12580" Gridid=""/>';
16415      run;
MPRINT(EM_DIAGRAM):   run;

NOTE: The file EMWIPMSG is:
      Local Host Name=DESKTOP-VQ3H6HR,
      Local Host IP addr=fe80::99a:960c:9caf:62cb%7,
      Peer Hostname Name=DESKTOP-VQ3H6HR,
      Peer IP addr=127.0.0.1,Peer Name=N/A,
      Peer Portno=61800,Lrecl=32767,Recfm=Variable

NOTE: 1 record was written to the file EMWIPMSG.
      The minimum record length was 59.
      The maximum record length was 59.
NOTE: DATA statement used (Total process time):
      real time           0.01 seconds
      cpu time            0.00 seconds
      

Traverser: WaitingNode "REPL" 
Traverser: WaitingNode "CNTRL" 
Traverser: WaitingNode "IMPT" 
Traverser: WaitingNode "TRANS" 
Traverser: WaitingNode "TREE" 
traverser_readyNode_note 
16416      data _null_;
MPRINT(EM_DIAGRAM):    data _null_;
16417      file emwipmsg;
MPRINT(EM_DIAGRAM):   file emwipmsg;
16418      put '<Node Id="Part" Event="Run" Pid="12580" Gridid=""/>';
MPRINT(EM_DIAGRAM):   put '<Node Id="Part" Event="Run" Pid="12580" Gridid=""/>';
16419      run;
MPRINT(EM_DIAGRAM):   run;

NOTE: The file EMWIPMSG is:
      Local Host Name=DESKTOP-VQ3H6HR,
      Local Host IP addr=fe80::99a:960c:9caf:62cb%7,
      Peer Hostname Name=DESKTOP-VQ3H6HR,
      Peer IP addr=127.0.0.1,Peer Name=N/A,
      Peer Portno=61800,Lrecl=32767,Recfm=Variable

NOTE: 1 record was written to the file EMWIPMSG.
      The minimum record length was 51.
      The maximum record length was 51.
NOTE: DATA statement used (Total process time):
      real time           0.01 seconds
      cpu time            0.00 seconds
      

16420      %let emloopmode =;
*------------------------------------------------------------* 
* 
* Part : Beginning update before running 
* datetime : 07AUG2022:20:09:38 
* 
*------------------------------------------------------------* 
MPRINT(EM_DIAGRAM):     data WORK.Part_FILTERSET;
MPRINT(EM_DIAGRAM):   length PORT $32 USE $1;
MPRINT(EM_DIAGRAM):   DROP DELTACODE APPLYDELTA APPLYSCORE IMPORTPORT;
MPRINT(EM_DIAGRAM):   set EMWS1.FIMPORT_exportSet ;
MPRINT(EM_DIAGRAM):   PORT = '';
MPRINT(EM_DIAGRAM):   USE = '';
MPRINT(EM_DIAGRAM):   where role in( "RAW" "TRAIN" "DOCUMENT" ) and EXPORT = 'Y' ;
MPRINT(EM_DIAGRAM):   run;
MPRINT(EM_DIAGRAM):    filename _emtool_ 'C:\Users\brahm\OneDrive\Desktop\BAN210_Project\Workspaces\EMWS1\Part\PROPERTIES.xml' encoding="UTF-8" NOBOM;
16439      %let _HPDMGRIDHOST=;
16440      %let _HPDMGRIDINSTALLLOC=;
16441      %let _HPDMGRIDDATASERVER=;
16442      %hpdm_gridSetOPtions;
MPRINT(EM_DIAGRAM):   
MPRINT(HPDM_GRIDSETOPTIONS):   data _null_;
MPRINT(HPDM_GRIDSETOPTIONS):   length optionString string $2000;
MPRINT(HPDM_GRIDSETOPTIONS):   optionString = reverse(getoption('SET'));
MPRINT(HPDM_GRIDSETOPTIONS):   index = index(optionString, reverse('GRIDHOST'));
MPRINT(HPDM_GRIDSETOPTIONS):   if index then do;
MPRINT(HPDM_GRIDSETOPTIONS):   string = reverse(substr(optionString, 1, index-4));
MPRINT(HPDM_GRIDSETOPTIONS):   host = '"'!!strip(tranwrd(scan(string, 1, ']'), '"', ''))!!'"';
MPRINT(HPDM_GRIDSETOPTIONS):   call symput('_HPDMGRIDHOST', strip(host));
MPRINT(HPDM_GRIDSETOPTIONS):   end;
MPRINT(HPDM_GRIDSETOPTIONS):   index = index(optionString, reverse('GRIDINSTALLLOC'));
MPRINT(HPDM_GRIDSETOPTIONS):   if index then do;
MPRINT(HPDM_GRIDSETOPTIONS):   string = reverse(substr(optionString, 1, index-4));
MPRINT(HPDM_GRIDSETOPTIONS):   install = '"'!!strip(tranwrd(scan(string, 1, ']'), '"', ''))!!'"';
MPRINT(HPDM_GRIDSETOPTIONS):   call symput('_HPDMGRIDINSTALLLOC', strip(install));
MPRINT(HPDM_GRIDSETOPTIONS):   end;
MPRINT(HPDM_GRIDSETOPTIONS):   index = index(optionString, reverse('GRIDDATASERVER'));
MPRINT(HPDM_GRIDSETOPTIONS):   if index then do;
MPRINT(HPDM_GRIDSETOPTIONS):   string = reverse(substr(optionString, 1, index-4));
MPRINT(HPDM_GRIDSETOPTIONS):   server = '"'!!strip(tranwrd(scan(string, 1, ']'), '"', ''))!!'"';
MPRINT(HPDM_GRIDSETOPTIONS):   call symput('_HPDMGRIDDATASERVER', strip(server));
MPRINT(HPDM_GRIDSETOPTIONS):   end;
MPRINT(HPDM_GRIDSETOPTIONS):   run;

NOTE: DATA statement used (Total process time):
      real time           0.01 seconds
      cpu time            0.00 seconds
      

MPRINT(EM_DIAGRAM):  ;

*------------------------------------------------------------* 
* 
* Part : End update 
* datetime : 07AUG2022:20:09:38 
* 
*------------------------------------------------------------* 
16443      %em_getactionstatus(emlib =EMWS1, nodeid=Part);
MPRINT(EM_DIAGRAM):   
MPRINT(EM_GETACTIONSTATUS):   proc display c=sashelp.emutil.getactionstatus.scl;
MPRINT(EM_GETACTIONSTATUS):   run;

16444      %let em_Train = N;
16445      %let em_Score = N;
16446      %let em_Report = N;
16447      %let em_Run = N;
NOTE: PROCEDURE DISPLAY used (Total process time):
      real time           0.00 seconds
      cpu time            0.01 seconds
      

MPRINT(EM_GETACTIONSTATUS):   
MPRINT(EM_DIAGRAM):  ;

Node "Part" has already run. 
Node "Part" succeeded. 
16448      data _null_;
MPRINT(EM_DIAGRAM):    data _null_;
16449      file emwipmsg;
MPRINT(EM_DIAGRAM):   file emwipmsg;
16450      put '<Node Id="Part" Event="Complete" Pid="12580" Gridid=""/>';
MPRINT(EM_DIAGRAM):   put '<Node Id="Part" Event="Complete" Pid="12580" Gridid=""/>';
16451      run;
MPRINT(EM_DIAGRAM):   run;

NOTE: The file EMWIPMSG is:
      Local Host Name=DESKTOP-VQ3H6HR,
      Local Host IP addr=fe80::99a:960c:9caf:62cb%7,
      Peer Hostname Name=DESKTOP-VQ3H6HR,
      Peer IP addr=127.0.0.1,Peer Name=N/A,
      Peer Portno=61800,Lrecl=32767,Recfm=Variable

NOTE: 1 record was written to the file EMWIPMSG.
      The minimum record length was 56.
      The maximum record length was 56.
NOTE: DATA statement used (Total process time):
      real time           0.01 seconds
      cpu time            0.01 seconds
      

Traverser: WaitingNode "CNTRL" 
Traverser: WaitingNode "IMPT" 
Traverser: WaitingNode "TRANS" 
Traverser: WaitingNode "TREE" 
traverser_readyNode_note 
16452      data _null_;
MPRINT(EM_DIAGRAM):    data _null_;
16453      file emwipmsg;
MPRINT(EM_DIAGRAM):   file emwipmsg;
16454      put '<Node Id="Repl" Event="Run" Pid="12580" Gridid=""/>';
MPRINT(EM_DIAGRAM):   put '<Node Id="Repl" Event="Run" Pid="12580" Gridid=""/>';
16455      run;
MPRINT(EM_DIAGRAM):   run;

NOTE: The file EMWIPMSG is:
      Local Host Name=DESKTOP-VQ3H6HR,
      Local Host IP addr=fe80::99a:960c:9caf:62cb%7,
      Peer Hostname Name=DESKTOP-VQ3H6HR,
      Peer IP addr=127.0.0.1,Peer Name=N/A,
      Peer Portno=61800,Lrecl=32767,Recfm=Variable

NOTE: 1 record was written to the file EMWIPMSG.
      The minimum record length was 51.
      The maximum record length was 51.
NOTE: DATA statement used (Total process time):
      real time           0.01 seconds
      cpu time            0.01 seconds
      

16456      %let emloopmode =;
*------------------------------------------------------------* 
* 
* Repl : Beginning update before running 
* datetime : 07AUG2022:20:09:39 
* 
*------------------------------------------------------------* 
MPRINT(EM_DIAGRAM):     data WORK.Repl_FILTERSET;
MPRINT(EM_DIAGRAM):   length PORT $32 USE $1;
MPRINT(EM_DIAGRAM):   DROP DELTACODE APPLYDELTA APPLYSCORE IMPORTPORT;
MPRINT(EM_DIAGRAM):   set EMWS1.Part_exportSet ;
MPRINT(EM_DIAGRAM):   PORT = '';
MPRINT(EM_DIAGRAM):   USE = '';
MPRINT(EM_DIAGRAM):   where role in( "RAW" "TRAIN" "VALIDATE" "TEST" "SCORE" "TRANSACTION" "DOCUMENT" "RULES" "REPORTFIT" "RANK" "SCOREDIST" "ESTIMATE" "TREE" "CLUSSTAT" "CLUSMEAN" "VARMAP" ) and EXPORT = 'Y' ;
MPRINT(EM_DIAGRAM):   run;
MPRINT(EM_DIAGRAM):    *------------------------------------------------------------*;
MPRINT(EM_DIAGRAM):   * Repl: Generation of macros and macro variables;
MPRINT(EM_DIAGRAM):   * To see the code generated, set the EM_DEBUG macro variable to SOURCE or _ALL_;
MPRINT(EM_DIAGRAM):   *------------------------------------------------------------*;
MPRINT(EM_DIAGRAM):   *------------------------------------------------------------*;
MPRINT(EM_DIAGRAM):   * Repl: EM Macro Variables and Macros;
MPRINT(EM_DIAGRAM):   *------------------------------------------------------------*;
MPRINT(EM_DIAGRAM):   *------------------------------------------------------------* ;
MPRINT(EM_DIAGRAM):   * System Macro Variables;
MPRINT(EM_DIAGRAM):   *------------------------------------------------------------* ;
MPRINT(EM_DIAGRAM):   data _null_;
MPRINT(EM_DIAGRAM):   length string $2000;
MPRINT(EM_DIAGRAM):   string = 'BAN210_Project';
MPRINT(EM_DIAGRAM):   call symput('EM_PROJECTNAME', trim(string));
MPRINT(EM_DIAGRAM):   string = 'Diag1';
MPRINT(EM_DIAGRAM):   call symput('EM_WSNAME', trim(string));
MPRINT(EM_DIAGRAM):   run;
MPRINT(EM_DIAGRAM):   *------------------------------------------------------------* ;
MPRINT(EM_DIAGRAM):   * Properties Macro Variables ;
MPRINT(EM_DIAGRAM):   *------------------------------------------------------------* ;
MPRINT(EM_DIAGRAM):   *------------------------------------------------------------*;
MPRINT(EM_DIAGRAM):   * Files Macro Variables;
MPRINT(EM_DIAGRAM):   *------------------------------------------------------------*;
MPRINT(EM_DIAGRAM):   *------------------------------------------------------------*;
MPRINT(EM_DIAGRAM):   * Import Macro Variables;
MPRINT(EM_DIAGRAM):   *------------------------------------------------------------*;
MPRINT(EM_DIAGRAM):   *------------------------------------------------------------*;
MPRINT(EM_DIAGRAM):   * Export Macro Variables;
MPRINT(EM_DIAGRAM):   *------------------------------------------------------------*;
MPRINT(EM_DIAGRAM):   *------------------------------------------------------------*;
MPRINT(EM_DIAGRAM):   * Decision Macro Variables;
MPRINT(EM_DIAGRAM):   *------------------------------------------------------------*;
MPRINT(EM_DIAGRAM):   *------------------------------------------------------------*;
MPRINT(EM_DIAGRAM):   * Statement Macro Variables;
MPRINT(EM_DIAGRAM):   *------------------------------------------------------------*;
16682      %let emexceptionString =;
16683      %let EMEXCEPTIONSTRING=;
16684      *------------------------------------------------------------*;
MPRINT(EM_DIAGRAM):    *------------------------------------------------------------*;
16685      * UPDATE: Repl;
MPRINT(EM_DIAGRAM):   * UPDATE: Repl;
16686      *------------------------------------------------------------*;
MPRINT(EM_DIAGRAM):   *------------------------------------------------------------*;
16687      %let EM_ACTION = UPDATE;
16688      %let syscc = 0;
16689      filename x CATALOG 'SASHELP.EMUTIL.EM_VARMACRO.SOURCE';
MPRINT(EM_DIAGRAM):     filename x CATALOG 'SASHELP.EMUTIL.EM_VARMACRO.SOURCE';
16690      %inc x;
NOTE: %INCLUDE (level 1) file X is file SASHELP.EMUTIL.EM_VARMACRO.SOURCE.
16692     +%macro em_varMacro(name=emMacro, metadata=, where=, key=NAME, nummacro=, maxvar=-1);
16694     +   filename macFile catalog 'work.emutil.macro.source';
16695     +   %let _METAOBS = 0;
16696     +   %let _maxvar = &maxvar;
16697     +   %if "&_maxvar" eq "" %then %let maxvar = -1;
16699     +   %if (%sysfunc(exist(&metadata))<1 and %sysfunc(exist(&metadata, VIEW))<1)
16700     +                   or (&metadata eq ) %then %do;
16701     +       %put * No metadata data set defined;
16702     +       %goto doend;
16703     +   %end;
16705     +   data _null_;
16706     +      length _STRING_ $80;
16707     +      retain _STRING_ '' maxvar 0;
16708     +      set &metadata end=eof;
16709     +      file macFile;
16710     +      %if %nrbquote(&where) ne %then %do;
16711     +          %let whereClause = where (%nrbquote(&where));
16712     +          %unquote(&whereClause);
16713     +      %end;
16714     +      if _N_=1 then do;
16715     +         string = "%"!!"macro &name;";
16716     +         put string;
16717     +      end;
16718     +      maxvar +1;
16719     +      if (length(_STRING_) + length(trim(&key))+ 4 < 80) then do;
16720     +         _STRING_ = trim(_STRING_)!!' '!!trim(&key);
16721     +         if eof
16722     +            %if  %sysevalf(&_maxvar > 0) %then %do;
16723     +                or maxvar >= &maxvar
16724     +            %end;
16725     +            then do;
16726     +            put _STRING_;
16727     +            string = "%"!!"mend &name;";
16728     +            put string;
16729     +            string = strip(put(_N_, best.));
16730     +            call symput('_METAOBS', string);
16731     +            %if (&nummacro ne ) %then %do;
16732     +                put "%" "global &nummacro;";
16733     +                put "%" "let &nummacro = " string ";";
16734     +            %end;
16735     +            stop;
16736     +         end;
16737     +      end;
16738     +      else do;
16739     +         put _STRING_;
16740     +         _string_ = TRIM(&key);
16741     +         if eof
16742     +            %if  %sysevalf(&_maxvar > 0) %then %do;
16743     +              or maxvar >= &maxvar
16744     +           %end;
16745     +            then do;
16746     +            put _STRING_;
16747     +            string = "%"!!"mend &name;";
16748     +            put string;
16749     +        end;
16750     +      end;
16751     +      if eof
16752     +         %if  %sysevalf(&_maxvar > 0) %then %do;
16753     +             or maxvar >= &maxvar
16754     +         %end;
16755     +         then do;
16756     +         string = strip(put(_N_, best.));
16757     +         call symput('_METAOBS', string);
16758     +         %if (&nummacro ne ) %then %do;
16759     +             put "%" "global &nummacro;";
16760     +             put "%" "let &nummacro = " string ";";
16761     +         %end;
16762     +         stop;
16763     +      end;
16764     +   run;
16766     +   %doend:
16767     +   %if ^&_METAOBS %then %do;
16768     +       data _null_;
16769     +          file macFile;
16770     +          put "%" "macro &name;";
16771     +          put "%" "mend &name;";
16772     +          %if (&nummacro ne ) %then %do;
16773     +              put "%" "global &nummacro;";
16774     +              put "%" "let &nummacro = 0;";
16775     +          %end;
16776     +      run;
16777     +   %end;
16778     +   %inc macFile;
16779     +   filename macFile;
16780     +%mend em_varMacro;
NOTE: %INCLUDE (level 1) ending.
16781      filename X;
MPRINT(EM_DIAGRAM):   filename X;
NOTE: Fileref X has been deassigned.
16782       %macro main;
16783      
16784         filename temp catalog 'sashelp.emmdfy.Replace_macros.source';
16785         %include temp;
16786         filename temp;
16787      
16788         %if %upcase(&EM_ACTION) = CREATE %then %do;
16789      
16790             filename temp catalog 'sashelp.emmdfy.Replace_create.source';
16791             %include temp;
16792             filename temp;
16793             %create;
16794         %end;
16795         %else
16796         %if %upcase(&EM_ACTION) = TRAIN %then %do;
16797      
16798             filename temp catalog 'sashelp.emmdfy.Replace_train.source';
16799             %include temp;
16800             filename temp;
16801             %train;
16802         %end;
16803         %else
16804         %if %upcase(&EM_ACTION) = SCORE %then %do;
16805      
16806             filename temp catalog 'sashelp.emmdfy.Replace_score.source';
16807             %include temp;
16808             filename temp;
16809             %score;
16810         %end;
16811         %if %upcase(&EM_ACTION) = REPORT %then %do;
16812      
16813             filename temp catalog 'sashelp.emmdfy.Replace_report.source';
16814             %include temp;
16815             filename temp;
16816             %report;
16817         %end;
16818         %if %upcase(&EM_ACTION) = OPENOUTCLASSTABLE %then %do;
16819             filename temp catalog 'sashelp.emmdfy.replace_makeoutclass.source';
16820             %include temp;
16821             filename temp;
16822             %em_replace_openoutclass;
16823         %end;
16824         %if %upcase(&EM_ACTION) = CLOSEOUTCLASSTABLE %then %do;
16825             filename temp catalog 'sashelp.emmdfy.replace_makeoutclass.source';
16826             %include temp;
16827             filename temp;
16828             %em_replace_closeoutclass;
16829         %end;
16830      %mend main;
16831      
16832      %main;
MPRINT(MAIN):   filename temp catalog 'sashelp.emmdfy.Replace_macros.source';
NOTE: %INCLUDE (level 1) file TEMP is file SASHELP.EMMDFY.REPLACE_MACROS.SOURCE.
16833     +%macro SetProperties;
16834     +   %em_checkmacro(name=EM_PROPERTY_UNKNOWNLEVEL,    global=Y, value=MODE);
16835     +   %em_checkmacro(name=EM_PROPERTY_CALCMETHOD,      global=Y, value=NONE);
16836     +   %em_checkmacro(name=EM_PROPERTY_PERCENTSCUTOFF,  global=Y, value=0.5);
16837     +   %em_checkmacro(name=EM_PROPERTY_SPACINGSCUTOFF,  global=Y, value=9);
16838     +   %em_checkMacro(name=EM_PROPERTY_MADSCUTOFF,      global=Y, value=9);
16839     +   %em_checkMacro(name=EM_PROPERTY_STDDEVCUTOFF,    global=Y, value=3);
16840     +   %em_checkmacro(name=EM_PROPERTY_REPLACEMETHOD,   global=Y, value=COMPUTED);
16841     +   %em_checkmacro(name=EM_PROPERTY_HIDEVARIABLE,    global=Y, value=N);
16842     +   %em_checkmacro(name=EM_PROPERTY_INTERVALMETHOD,  global=Y, value=NONE);
16843     +   %em_checkmacro(name=EM_PROPERTY_REPORTCOUNT,     global=Y, value=Y);
16844     +
16845     +%mend SetProperties;
16846     +
NOTE: %INCLUDE (level 1) ending.
MPRINT(MAIN):   filename temp;
NOTE: Fileref TEMP has been deassigned.
MPRINT(EM_DIAGRAM):  ;
MPRINT(EM_DIAGRAM):   *------------------------------------------------------------*;
MPRINT(EM_DIAGRAM):   * End UPDATE: Repl;
MPRINT(EM_DIAGRAM):   *------------------------------------------------------------*;
16847      *------------------------------------------------------------*;
16848      * End UPDATE: Repl;
16849      *------------------------------------------------------------*;
16850      

16851      %em_delMacro;
MPRINT(EM_DIAGRAM):   
MPRINT(EM_DIAGRAM):  ;

MPRINT(EM_DIAGRAM):    filename _emtool_ 'C:\Users\brahm\OneDrive\Desktop\BAN210_Project\Workspaces\EMWS1\Repl\PROPERTIES.xml' encoding="UTF-8" NOBOM;
16853      %let _HPDMGRIDHOST=;
16854      %let _HPDMGRIDINSTALLLOC=;
16855      %let _HPDMGRIDDATASERVER=;
16856      %hpdm_gridSetOPtions;
MPRINT(EM_DIAGRAM):   
MPRINT(HPDM_GRIDSETOPTIONS):   data _null_;
MPRINT(HPDM_GRIDSETOPTIONS):   length optionString string $2000;
MPRINT(HPDM_GRIDSETOPTIONS):   optionString = reverse(getoption('SET'));
MPRINT(HPDM_GRIDSETOPTIONS):   index = index(optionString, reverse('GRIDHOST'));
MPRINT(HPDM_GRIDSETOPTIONS):   if index then do;
MPRINT(HPDM_GRIDSETOPTIONS):   string = reverse(substr(optionString, 1, index-4));
MPRINT(HPDM_GRIDSETOPTIONS):   host = '"'!!strip(tranwrd(scan(string, 1, ']'), '"', ''))!!'"';
MPRINT(HPDM_GRIDSETOPTIONS):   call symput('_HPDMGRIDHOST', strip(host));
MPRINT(HPDM_GRIDSETOPTIONS):   end;
MPRINT(HPDM_GRIDSETOPTIONS):   index = index(optionString, reverse('GRIDINSTALLLOC'));
MPRINT(HPDM_GRIDSETOPTIONS):   if index then do;
MPRINT(HPDM_GRIDSETOPTIONS):   string = reverse(substr(optionString, 1, index-4));
MPRINT(HPDM_GRIDSETOPTIONS):   install = '"'!!strip(tranwrd(scan(string, 1, ']'), '"', ''))!!'"';
MPRINT(HPDM_GRIDSETOPTIONS):   call symput('_HPDMGRIDINSTALLLOC', strip(install));
MPRINT(HPDM_GRIDSETOPTIONS):   end;
MPRINT(HPDM_GRIDSETOPTIONS):   index = index(optionString, reverse('GRIDDATASERVER'));
MPRINT(HPDM_GRIDSETOPTIONS):   if index then do;
MPRINT(HPDM_GRIDSETOPTIONS):   string = reverse(substr(optionString, 1, index-4));
MPRINT(HPDM_GRIDSETOPTIONS):   server = '"'!!strip(tranwrd(scan(string, 1, ']'), '"', ''))!!'"';
MPRINT(HPDM_GRIDSETOPTIONS):   call symput('_HPDMGRIDDATASERVER', strip(server));
MPRINT(HPDM_GRIDSETOPTIONS):   end;
MPRINT(HPDM_GRIDSETOPTIONS):   run;

NOTE: DATA statement used (Total process time):
      real time           0.01 seconds
      cpu time            0.00 seconds
      

MPRINT(EM_DIAGRAM):  ;

*------------------------------------------------------------* 
* 
* Repl : End update 
* datetime : 07AUG2022:20:09:39 
* 
*------------------------------------------------------------* 
16857      %em_getactionstatus(emlib =EMWS1, nodeid=Repl);
MPRINT(EM_DIAGRAM):   
MPRINT(EM_GETACTIONSTATUS):   proc display c=sashelp.emutil.getactionstatus.scl;
MPRINT(EM_GETACTIONSTATUS):   run;

16858      %let em_filemodtime=;
16859      data _null_;
MPRINT(EM_GETACTIONSTATUS):   data _null_;
16860      format modate best.;
MPRINT(EM_GETACTIONSTATUS):   format modate best.;
16861      set sashelp.Vextfl;
MPRINT(EM_GETACTIONSTATUS):   set sashelp.Vextfl;
16862      where fileref eq "#LN00173";
MPRINT(EM_GETACTIONSTATUS):   where fileref eq "#LN00173";
16863      call symput('EM_FILEMODTIME', put(modate, best.));
MPRINT(EM_GETACTIONSTATUS):   call symput('EM_FILEMODTIME', put(modate, best.));
16864      run;
MPRINT(EM_GETACTIONSTATUS):   run;

NOTE: There were 1 observations read from the data set SASHELP.VEXTFL.
      WHERE fileref='#LN00173';
NOTE: DATA statement used (Total process time):
      real time           0.01 seconds
      cpu time            0.01 seconds
      

16865      %symdel em_filemodtime;
WARNING: Attempt to delete macro variable EM_FILEMODTIME failed. Variable not found.
NOTE: View EMWS1.REPL_NEWVALUES.VIEW used (Total process time):
      real time           0.02 seconds
      cpu time            0.00 seconds
      
16866      %let em_Train = N;
16867      %let em_Score = N;
16868      %let em_Report = N;
16869      %let em_Run = N;
NOTE: PROCEDURE DISPLAY used (Total process time):
      real time           0.06 seconds
      cpu time            0.03 seconds
      

MPRINT(EM_GETACTIONSTATUS):     
MPRINT(EM_DIAGRAM):  ;

Node "Repl" has already run. 
Node "Repl" succeeded. 
16870      data _null_;
MPRINT(EM_DIAGRAM):    data _null_;
16871      file emwipmsg;
MPRINT(EM_DIAGRAM):   file emwipmsg;
16872      put '<Node Id="Repl" Event="Complete" Pid="12580" Gridid=""/>';
MPRINT(EM_DIAGRAM):   put '<Node Id="Repl" Event="Complete" Pid="12580" Gridid=""/>';
16873      run;
MPRINT(EM_DIAGRAM):   run;

NOTE: The file EMWIPMSG is:
      Local Host Name=DESKTOP-VQ3H6HR,
      Local Host IP addr=fe80::99a:960c:9caf:62cb%7,
      Peer Hostname Name=DESKTOP-VQ3H6HR,
      Peer IP addr=127.0.0.1,Peer Name=N/A,
      Peer Portno=61800,Lrecl=32767,Recfm=Variable

NOTE: 1 record was written to the file EMWIPMSG.
      The minimum record length was 56.
      The maximum record length was 56.
NOTE: DATA statement used (Total process time):
      real time           0.00 seconds
      cpu time            0.00 seconds
      

Traverser: WaitingNode "IMPT" 
Traverser: WaitingNode "TRANS" 
Traverser: WaitingNode "TREE" 
traverser_readyNode_note 
Node "CNTRL" succeeded. 
16874      data _null_;
MPRINT(EM_DIAGRAM):    data _null_;
16875      file emwipmsg;
MPRINT(EM_DIAGRAM):   file emwipmsg;
16876      put '<Node Id="CNTRL" Event="Complete" Pid="12580" Gridid=""/>';
MPRINT(EM_DIAGRAM):   put '<Node Id="CNTRL" Event="Complete" Pid="12580" Gridid=""/>';
16877      run;
MPRINT(EM_DIAGRAM):   run;

NOTE: The file EMWIPMSG is:
      Local Host Name=DESKTOP-VQ3H6HR,
      Local Host IP addr=fe80::99a:960c:9caf:62cb%7,
      Peer Hostname Name=DESKTOP-VQ3H6HR,
      Peer IP addr=127.0.0.1,Peer Name=N/A,
      Peer Portno=61800,Lrecl=32767,Recfm=Variable

NOTE: 1 record was written to the file EMWIPMSG.
      The minimum record length was 57.
      The maximum record length was 57.
NOTE: DATA statement used (Total process time):
      real time           0.00 seconds
      cpu time            0.00 seconds
      

Traverser: WaitingNode "TRANS" 
Traverser: WaitingNode "TREE" 
traverser_readyNode_note 
16878      data _null_;
MPRINT(EM_DIAGRAM):    data _null_;
16879      file emwipmsg;
MPRINT(EM_DIAGRAM):   file emwipmsg;
16880      put '<Node Id="Impt" Event="Run" Pid="12580" Gridid=""/>';
MPRINT(EM_DIAGRAM):   put '<Node Id="Impt" Event="Run" Pid="12580" Gridid=""/>';
16881      run;
MPRINT(EM_DIAGRAM):   run;

NOTE: The file EMWIPMSG is:
      Local Host Name=DESKTOP-VQ3H6HR,
      Local Host IP addr=fe80::99a:960c:9caf:62cb%7,
      Peer Hostname Name=DESKTOP-VQ3H6HR,
      Peer IP addr=127.0.0.1,Peer Name=N/A,
      Peer Portno=61800,Lrecl=32767,Recfm=Variable

NOTE: 1 record was written to the file EMWIPMSG.
      The minimum record length was 51.
      The maximum record length was 51.
NOTE: DATA statement used (Total process time):
      real time           0.00 seconds
      cpu time            0.00 seconds
      

16882      %let emloopmode =;
*------------------------------------------------------------* 
* 
* Impt : Beginning update before running 
* datetime : 07AUG2022:20:09:40 
* 
*------------------------------------------------------------* 
MPRINT(EM_DIAGRAM):     data WORK.Impt_FILTERSET;
MPRINT(EM_DIAGRAM):   length PORT $32 USE $1;
MPRINT(EM_DIAGRAM):   DROP DELTACODE APPLYDELTA APPLYSCORE IMPORTPORT;
MPRINT(EM_DIAGRAM):   set EMWS1.Repl_exportSet ;
MPRINT(EM_DIAGRAM):   PORT = '';
MPRINT(EM_DIAGRAM):   USE = '';
MPRINT(EM_DIAGRAM):   where role in( "RAW" "TRAIN" "VALIDATE" "TEST" ) and EXPORT = 'Y' ;
MPRINT(EM_DIAGRAM):   run;
MPRINT(EM_DIAGRAM):    filename _emtool_ 'C:\Users\brahm\OneDrive\Desktop\BAN210_Project\Workspaces\EMWS1\Impt\PROPERTIES.xml' encoding="UTF-8" NOBOM;
16902      %let _HPDMGRIDHOST=;
16903      %let _HPDMGRIDINSTALLLOC=;
16904      %let _HPDMGRIDDATASERVER=;
16905      %hpdm_gridSetOPtions;
MPRINT(EM_DIAGRAM):   
MPRINT(HPDM_GRIDSETOPTIONS):   data _null_;
MPRINT(HPDM_GRIDSETOPTIONS):   length optionString string $2000;
MPRINT(HPDM_GRIDSETOPTIONS):   optionString = reverse(getoption('SET'));
MPRINT(HPDM_GRIDSETOPTIONS):   index = index(optionString, reverse('GRIDHOST'));
MPRINT(HPDM_GRIDSETOPTIONS):   if index then do;
MPRINT(HPDM_GRIDSETOPTIONS):   string = reverse(substr(optionString, 1, index-4));
MPRINT(HPDM_GRIDSETOPTIONS):   host = '"'!!strip(tranwrd(scan(string, 1, ']'), '"', ''))!!'"';
MPRINT(HPDM_GRIDSETOPTIONS):   call symput('_HPDMGRIDHOST', strip(host));
MPRINT(HPDM_GRIDSETOPTIONS):   end;
MPRINT(HPDM_GRIDSETOPTIONS):   index = index(optionString, reverse('GRIDINSTALLLOC'));
MPRINT(HPDM_GRIDSETOPTIONS):   if index then do;
MPRINT(HPDM_GRIDSETOPTIONS):   string = reverse(substr(optionString, 1, index-4));
MPRINT(HPDM_GRIDSETOPTIONS):   install = '"'!!strip(tranwrd(scan(string, 1, ']'), '"', ''))!!'"';
MPRINT(HPDM_GRIDSETOPTIONS):   call symput('_HPDMGRIDINSTALLLOC', strip(install));
MPRINT(HPDM_GRIDSETOPTIONS):   end;
MPRINT(HPDM_GRIDSETOPTIONS):   index = index(optionString, reverse('GRIDDATASERVER'));
MPRINT(HPDM_GRIDSETOPTIONS):   if index then do;
MPRINT(HPDM_GRIDSETOPTIONS):   string = reverse(substr(optionString, 1, index-4));
MPRINT(HPDM_GRIDSETOPTIONS):   server = '"'!!strip(tranwrd(scan(string, 1, ']'), '"', ''))!!'"';
MPRINT(HPDM_GRIDSETOPTIONS):   call symput('_HPDMGRIDDATASERVER', strip(server));
MPRINT(HPDM_GRIDSETOPTIONS):   end;
MPRINT(HPDM_GRIDSETOPTIONS):   run;

NOTE: DATA statement used (Total process time):
      real time           0.00 seconds
      cpu time            0.00 seconds
      

MPRINT(EM_DIAGRAM):  ;

*------------------------------------------------------------* 
* 
* Impt : End update 
* datetime : 07AUG2022:20:09:40 
* 
*------------------------------------------------------------* 
16906      %em_getactionstatus(emlib =EMWS1, nodeid=Impt);
MPRINT(EM_DIAGRAM):   
MPRINT(EM_GETACTIONSTATUS):   proc display c=sashelp.emutil.getactionstatus.scl;
MPRINT(EM_GETACTIONSTATUS):   run;

16907      %let em_Train = N;
16908      %let em_Score = N;
16909      %let em_Report = N;
16910      %let em_Run = N;
NOTE: PROCEDURE DISPLAY used (Total process time):
      real time           0.00 seconds
      cpu time            0.01 seconds
      

MPRINT(EM_GETACTIONSTATUS):   
MPRINT(EM_DIAGRAM):  ;

Node "Impt" has already run. 
Node "Impt" succeeded. 
16911      data _null_;
MPRINT(EM_DIAGRAM):    data _null_;
16912      file emwipmsg;
MPRINT(EM_DIAGRAM):   file emwipmsg;
16913      put '<Node Id="Impt" Event="Complete" Pid="12580" Gridid=""/>';
MPRINT(EM_DIAGRAM):   put '<Node Id="Impt" Event="Complete" Pid="12580" Gridid=""/>';
16914      run;
MPRINT(EM_DIAGRAM):   run;

NOTE: The file EMWIPMSG is:
      Local Host Name=DESKTOP-VQ3H6HR,
      Local Host IP addr=fe80::99a:960c:9caf:62cb%7,
      Peer Hostname Name=DESKTOP-VQ3H6HR,
      Peer IP addr=127.0.0.1,Peer Name=N/A,
      Peer Portno=61800,Lrecl=32767,Recfm=Variable

NOTE: 1 record was written to the file EMWIPMSG.
      The minimum record length was 56.
      The maximum record length was 56.
NOTE: DATA statement used (Total process time):
      real time           0.00 seconds
      cpu time            0.00 seconds
      

Traverser: WaitingNode "TREE" 
traverser_readyNode_note 
16915      data _null_;
MPRINT(EM_DIAGRAM):    data _null_;
16916      file emwipmsg;
MPRINT(EM_DIAGRAM):   file emwipmsg;
16917      put '<Node Id="Trans" Event="Run" Pid="12580" Gridid=""/>';
MPRINT(EM_DIAGRAM):   put '<Node Id="Trans" Event="Run" Pid="12580" Gridid=""/>';
16918      run;
MPRINT(EM_DIAGRAM):   run;

NOTE: The file EMWIPMSG is:
      Local Host Name=DESKTOP-VQ3H6HR,
      Local Host IP addr=fe80::99a:960c:9caf:62cb%7,
      Peer Hostname Name=DESKTOP-VQ3H6HR,
      Peer IP addr=127.0.0.1,Peer Name=N/A,
      Peer Portno=61800,Lrecl=32767,Recfm=Variable

NOTE: 1 record was written to the file EMWIPMSG.
      The minimum record length was 52.
      The maximum record length was 52.
NOTE: DATA statement used (Total process time):
      real time           0.00 seconds
      cpu time            0.00 seconds
      

16919      %let emloopmode =;
*------------------------------------------------------------* 
* 
* Trans : Beginning update before running 
* datetime : 07AUG2022:20:09:41 
* 
*------------------------------------------------------------* 
MPRINT(EM_DIAGRAM):     data WORK.Trans_FILTERSET;
MPRINT(EM_DIAGRAM):   length PORT $32 USE $1;
MPRINT(EM_DIAGRAM):   DROP DELTACODE APPLYDELTA APPLYSCORE IMPORTPORT;
MPRINT(EM_DIAGRAM):   set EMWS1.Impt_exportSet ;
MPRINT(EM_DIAGRAM):   PORT = '';
MPRINT(EM_DIAGRAM):   USE = '';
MPRINT(EM_DIAGRAM):   where role in( "RAW" "TRAIN" "VALIDATE" "TEST" ) and EXPORT = 'Y' ;
MPRINT(EM_DIAGRAM):   run;
MPRINT(EM_DIAGRAM):    filename _emtool_ 'C:\Users\brahm\OneDrive\Desktop\BAN210_Project\Workspaces\EMWS1\Trans\PROPERTIES.xml' encoding="UTF-8" NOBOM;
16939      %let _HPDMGRIDHOST=;
16940      %let _HPDMGRIDINSTALLLOC=;
16941      %let _HPDMGRIDDATASERVER=;
16942      %hpdm_gridSetOPtions;
MPRINT(EM_DIAGRAM):   
MPRINT(HPDM_GRIDSETOPTIONS):   data _null_;
MPRINT(HPDM_GRIDSETOPTIONS):   length optionString string $2000;
MPRINT(HPDM_GRIDSETOPTIONS):   optionString = reverse(getoption('SET'));
MPRINT(HPDM_GRIDSETOPTIONS):   index = index(optionString, reverse('GRIDHOST'));
MPRINT(HPDM_GRIDSETOPTIONS):   if index then do;
MPRINT(HPDM_GRIDSETOPTIONS):   string = reverse(substr(optionString, 1, index-4));
MPRINT(HPDM_GRIDSETOPTIONS):   host = '"'!!strip(tranwrd(scan(string, 1, ']'), '"', ''))!!'"';
MPRINT(HPDM_GRIDSETOPTIONS):   call symput('_HPDMGRIDHOST', strip(host));
MPRINT(HPDM_GRIDSETOPTIONS):   end;
MPRINT(HPDM_GRIDSETOPTIONS):   index = index(optionString, reverse('GRIDINSTALLLOC'));
MPRINT(HPDM_GRIDSETOPTIONS):   if index then do;
MPRINT(HPDM_GRIDSETOPTIONS):   string = reverse(substr(optionString, 1, index-4));
MPRINT(HPDM_GRIDSETOPTIONS):   install = '"'!!strip(tranwrd(scan(string, 1, ']'), '"', ''))!!'"';
MPRINT(HPDM_GRIDSETOPTIONS):   call symput('_HPDMGRIDINSTALLLOC', strip(install));
MPRINT(HPDM_GRIDSETOPTIONS):   end;
MPRINT(HPDM_GRIDSETOPTIONS):   index = index(optionString, reverse('GRIDDATASERVER'));
MPRINT(HPDM_GRIDSETOPTIONS):   if index then do;
MPRINT(HPDM_GRIDSETOPTIONS):   string = reverse(substr(optionString, 1, index-4));
MPRINT(HPDM_GRIDSETOPTIONS):   server = '"'!!strip(tranwrd(scan(string, 1, ']'), '"', ''))!!'"';
MPRINT(HPDM_GRIDSETOPTIONS):   call symput('_HPDMGRIDDATASERVER', strip(server));
MPRINT(HPDM_GRIDSETOPTIONS):   end;
MPRINT(HPDM_GRIDSETOPTIONS):   run;

NOTE: DATA statement used (Total process time):
      real time           0.00 seconds
      cpu time            0.00 seconds
      

MPRINT(EM_DIAGRAM):  ;

*------------------------------------------------------------* 
* 
* Trans : End update 
* datetime : 07AUG2022:20:09:41 
* 
*------------------------------------------------------------* 
16943      %em_getactionstatus(emlib =EMWS1, nodeid=Trans);
MPRINT(EM_DIAGRAM):   
MPRINT(EM_GETACTIONSTATUS):   proc display c=sashelp.emutil.getactionstatus.scl;
MPRINT(EM_GETACTIONSTATUS):   run;

16944      %let em_filemodtime=;
16945      data _null_;
MPRINT(EM_GETACTIONSTATUS):   data _null_;
16946      format modate best.;
MPRINT(EM_GETACTIONSTATUS):   format modate best.;
16947      set sashelp.Vextfl;
MPRINT(EM_GETACTIONSTATUS):   set sashelp.Vextfl;
16948      where fileref eq "#LN00224";
MPRINT(EM_GETACTIONSTATUS):   where fileref eq "#LN00224";
16949      call symput('EM_FILEMODTIME', put(modate, best.));
MPRINT(EM_GETACTIONSTATUS):   call symput('EM_FILEMODTIME', put(modate, best.));
16950      run;
MPRINT(EM_GETACTIONSTATUS):   run;

NOTE: There were 1 observations read from the data set SASHELP.VEXTFL.
      WHERE fileref='#LN00224';
NOTE: DATA statement used (Total process time):
      real time           0.01 seconds
      cpu time            0.01 seconds
      

16951      %symdel em_filemodtime;
WARNING: Attempt to delete macro variable EM_FILEMODTIME failed. Variable not found.
16952      %let em_filemodtime=;
16953      data _null_;
MPRINT(EM_GETACTIONSTATUS):     data _null_;
16954      format modate best.;
MPRINT(EM_GETACTIONSTATUS):   format modate best.;
16955      set sashelp.Vextfl;
MPRINT(EM_GETACTIONSTATUS):   set sashelp.Vextfl;
16956      where fileref eq "#LN00225";
MPRINT(EM_GETACTIONSTATUS):   where fileref eq "#LN00225";
16957      call symput('EM_FILEMODTIME', put(modate, best.));
MPRINT(EM_GETACTIONSTATUS):   call symput('EM_FILEMODTIME', put(modate, best.));
16958      run;
MPRINT(EM_GETACTIONSTATUS):   run;

NOTE: There were 1 observations read from the data set SASHELP.VEXTFL.
      WHERE fileref='#LN00225';
NOTE: DATA statement used (Total process time):
      real time           0.00 seconds
      cpu time            0.01 seconds
      

16959      %symdel em_filemodtime;
WARNING: Attempt to delete macro variable EM_FILEMODTIME failed. Variable not found.
16960      %let em_filemodtime=;
16961      data _null_;
MPRINT(EM_GETACTIONSTATUS):     data _null_;
16962      format modate best.;
MPRINT(EM_GETACTIONSTATUS):   format modate best.;
16963      set sashelp.Vextfl;
MPRINT(EM_GETACTIONSTATUS):   set sashelp.Vextfl;
16964      where fileref eq "#LN00226";
MPRINT(EM_GETACTIONSTATUS):   where fileref eq "#LN00226";
16965      call symput('EM_FILEMODTIME', put(modate, best.));
MPRINT(EM_GETACTIONSTATUS):   call symput('EM_FILEMODTIME', put(modate, best.));
16966      run;
MPRINT(EM_GETACTIONSTATUS):   run;

NOTE: There were 1 observations read from the data set SASHELP.VEXTFL.
      WHERE fileref='#LN00226';
NOTE: DATA statement used (Total process time):
      real time           0.00 seconds
      cpu time            0.01 seconds
      

16967      %symdel em_filemodtime;
WARNING: Attempt to delete macro variable EM_FILEMODTIME failed. Variable not found.
16968      %let em_Train = N;
16969      %let em_Score = N;
16970      %let em_Report = N;
16971      %let em_Run = N;
NOTE: PROCEDURE DISPLAY used (Total process time):
      real time           0.04 seconds
      cpu time            0.04 seconds
      

MPRINT(EM_GETACTIONSTATUS):     
MPRINT(EM_DIAGRAM):  ;

Node "Trans" has already run. 
Node "Trans" succeeded. 
16972      data _null_;
MPRINT(EM_DIAGRAM):    data _null_;
16973      file emwipmsg;
MPRINT(EM_DIAGRAM):   file emwipmsg;
16974      put '<Node Id="Trans" Event="Complete" Pid="12580" Gridid=""/>';
MPRINT(EM_DIAGRAM):   put '<Node Id="Trans" Event="Complete" Pid="12580" Gridid=""/>';
16975      run;
MPRINT(EM_DIAGRAM):   run;

NOTE: The file EMWIPMSG is:
      Local Host Name=DESKTOP-VQ3H6HR,
      Local Host IP addr=fe80::99a:960c:9caf:62cb%7,
      Peer Hostname Name=DESKTOP-VQ3H6HR,
      Peer IP addr=127.0.0.1,Peer Name=N/A,
      Peer Portno=61800,Lrecl=32767,Recfm=Variable

NOTE: 1 record was written to the file EMWIPMSG.
      The minimum record length was 57.
      The maximum record length was 57.
NOTE: DATA statement used (Total process time):
      real time           0.00 seconds
      cpu time            0.00 seconds
      

traverser_readyNode_note 
16976      data _null_;
MPRINT(EM_DIAGRAM):    data _null_;
16977      file emwipmsg;
MPRINT(EM_DIAGRAM):   file emwipmsg;
16978      put '<Node Id="Tree" Event="Run" Pid="12580" Gridid=""/>';
MPRINT(EM_DIAGRAM):   put '<Node Id="Tree" Event="Run" Pid="12580" Gridid=""/>';
16979      run;
MPRINT(EM_DIAGRAM):   run;

NOTE: The file EMWIPMSG is:
      Local Host Name=DESKTOP-VQ3H6HR,
      Local Host IP addr=fe80::99a:960c:9caf:62cb%7,
      Peer Hostname Name=DESKTOP-VQ3H6HR,
      Peer IP addr=127.0.0.1,Peer Name=N/A,
      Peer Portno=61800,Lrecl=32767,Recfm=Variable

NOTE: 1 record was written to the file EMWIPMSG.
      The minimum record length was 51.
      The maximum record length was 51.
NOTE: DATA statement used (Total process time):
      real time           0.00 seconds
      cpu time            0.01 seconds
      

16980      %let emloopmode =;
*------------------------------------------------------------* 
* 
* Tree : Beginning update before running 
* datetime : 07AUG2022:20:09:41 
* 
*------------------------------------------------------------* 
MPRINT(EM_DIAGRAM):     data WORK.Tree_FILTERSET;
MPRINT(EM_DIAGRAM):   length PORT $32 USE $1;
MPRINT(EM_DIAGRAM):   DROP DELTACODE APPLYDELTA APPLYSCORE IMPORTPORT;
MPRINT(EM_DIAGRAM):   set EMWS1.Trans_exportSet ;
MPRINT(EM_DIAGRAM):   PORT = '';
MPRINT(EM_DIAGRAM):   USE = '';
MPRINT(EM_DIAGRAM):   where role in( "RAW" "TRAIN" "VALIDATE" "TEST" "SCORE" "TRANSACTION" "DOCUMENT" "RULES" "REPORTFIT" "RANK" "SCOREDIST" "ESTIMATE" "TREE" "CLUSSTAT" "CLUSMEAN" "VARMAP" ) and EXPORT = 'Y' ;
MPRINT(EM_DIAGRAM):   run;
MPRINT(EM_DIAGRAM):    proc datasets lib=work nolist;
MPRINT(EM_DIAGRAM):   modify class(type=PROFIT label= class);
MPRINT(EM_DIAGRAM):   label DECISION1= "RECURRENCE-EVENTS";
MPRINT(EM_DIAGRAM):   label DECISION2= "NO-RECURRENCE-EVENTS";
MPRINT(EM_DIAGRAM):   run;
MPRINT(EM_DIAGRAM):   quit;
MPRINT(EM_DIAGRAM):    *------------------------------------------------------------*;
MPRINT(EM_DIAGRAM):   * Tree: Generation of macros and macro variables;
MPRINT(EM_DIAGRAM):   * To see the code generated, set the EM_DEBUG macro variable to SOURCE or _ALL_;
MPRINT(EM_DIAGRAM):   *------------------------------------------------------------*;
MPRINT(EM_DIAGRAM):   *------------------------------------------------------------*;
MPRINT(EM_DIAGRAM):   * Tree: EM Macro Variables and Macros;
MPRINT(EM_DIAGRAM):   *------------------------------------------------------------*;
MPRINT(EM_DIAGRAM):   *------------------------------------------------------------* ;
MPRINT(EM_DIAGRAM):   * System Macro Variables;
MPRINT(EM_DIAGRAM):   *------------------------------------------------------------* ;
MPRINT(EM_DIAGRAM):   data _null_;
MPRINT(EM_DIAGRAM):   length string $2000;
MPRINT(EM_DIAGRAM):   string = 'BAN210_Project';
MPRINT(EM_DIAGRAM):   call symput('EM_PROJECTNAME', trim(string));
MPRINT(EM_DIAGRAM):   string = 'Diag1';
MPRINT(EM_DIAGRAM):   call symput('EM_WSNAME', trim(string));
MPRINT(EM_DIAGRAM):   run;
MPRINT(EM_DIAGRAM):   *------------------------------------------------------------* ;
MPRINT(EM_DIAGRAM):   * Properties Macro Variables ;
MPRINT(EM_DIAGRAM):   *------------------------------------------------------------* ;
MPRINT(EM_DIAGRAM):   *------------------------------------------------------------*;
MPRINT(EM_DIAGRAM):   * Files Macro Variables;
MPRINT(EM_DIAGRAM):   *------------------------------------------------------------*;
MPRINT(EM_DIAGRAM):   *------------------------------------------------------------*;
MPRINT(EM_DIAGRAM):   * Import Macro Variables;
MPRINT(EM_DIAGRAM):   *------------------------------------------------------------*;
MPRINT(EM_DIAGRAM):   *------------------------------------------------------------*;
MPRINT(EM_DIAGRAM):   * Export Macro Variables;
MPRINT(EM_DIAGRAM):   *------------------------------------------------------------*;
MPRINT(EM_DIAGRAM):   *------------------------------------------------------------*;
MPRINT(EM_DIAGRAM):   * Decision Macro Variables;
MPRINT(EM_DIAGRAM):   *------------------------------------------------------------*;
MPRINT(EM_DIAGRAM):   filename temp catalog 'sashelp.emutil.em_decdata.source';
MPRINT(EM_DIAGRAM):   filename temp;
MPRINT(EM_DECDATA):   proc display cat=sashelp.emutil.makedecdata.scl;
MPRINT(EM_DECDATA):   run;
MPRINT(EM_DECDATA):   *------------------------------------------------------------*;
MPRINT(EM_DECDATA):   * Tree: Create decision matrix;
MPRINT(EM_DECDATA):   *------------------------------------------------------------*;
MPRINT(EM_DECDATA):   data WORK.class;
MPRINT(EM_DECDATA):   length class $ 32 COUNT 8 DATAPRIOR 8 TRAINPRIOR 8 DECPRIOR 8 DECISION1 8 DECISION2 8 ;
MPRINT(EM_DECDATA):   label COUNT= "Level Counts" DATAPRIOR= "Data Proportions" TRAINPRIOR= "Training Proportions" DECPRIOR= "Decision Priors" DECISION1= "RECURRENCE-EVENTS" DECISION2= "NO-RECURRENCE-EVENTS" ;
MPRINT(EM_DECDATA):   format COUNT 10. ;
MPRINT(EM_DECDATA):   class="RECURRENCE-EVENTS";
MPRINT(EM_DECDATA):   COUNT=59;
MPRINT(EM_DECDATA):   DATAPRIOR=0.29203539823008;
MPRINT(EM_DECDATA):   TRAINPRIOR=0.2964824120603;
MPRINT(EM_DECDATA):   DECPRIOR=.;
MPRINT(EM_DECDATA):   DECISION1=1;
MPRINT(EM_DECDATA):   DECISION2=0;
MPRINT(EM_DECDATA):   output;
MPRINT(EM_DECDATA):   class="NO-RECURRENCE-EVENTS";
MPRINT(EM_DECDATA):   COUNT=140;
MPRINT(EM_DECDATA):   DATAPRIOR=0.70796460176991;
MPRINT(EM_DECDATA):   TRAINPRIOR=0.70351758793969;
MPRINT(EM_DECDATA):   DECPRIOR=.;
MPRINT(EM_DECDATA):   DECISION1=0;
MPRINT(EM_DECDATA):   DECISION2=1;
MPRINT(EM_DECDATA):   output;
MPRINT(EM_DECDATA):   ;
MPRINT(EM_DECDATA):   run;
MPRINT(EM_DECDATA):   proc datasets lib=work nolist;
MPRINT(EM_DECDATA):   modify class(type=PROFIT label= class);
MPRINT(EM_DECDATA):   label DECISION1= 'RECURRENCE-EVENTS';
MPRINT(EM_DECDATA):   label DECISION2= 'NO-RECURRENCE-EVENTS';
MPRINT(EM_DECDATA):   run;
MPRINT(EM_DECDATA):   quit;
MPRINT(EM_DECDATA):   
MPRINT(EM_DIAGRAM):  ;
MPRINT(EM_DIAGRAM):   proc datasets lib=work nolist;
MPRINT(EM_DIAGRAM):   modify class(type=PROFIT label= class);
MPRINT(EM_DIAGRAM):   label DECISION1= "RECURRENCE-EVENTS";
MPRINT(EM_DIAGRAM):   label DECISION2= "NO-RECURRENCE-EVENTS";
MPRINT(EM_DIAGRAM):   run;
MPRINT(EM_DIAGRAM):   quit;
MPRINT(EM_DIAGRAM):   *------------------------------------------------------------*;
MPRINT(EM_DIAGRAM):   * Statement Macro Variables;
MPRINT(EM_DIAGRAM):   *------------------------------------------------------------*;
17381      data EM_TARGETDECINFO;
MPRINT(EM_DIAGRAM):    data EM_TARGETDECINFO;
17382      length TARGET $32 DECDATA DECMETA $43;
MPRINT(EM_DIAGRAM):   length TARGET $32 DECDATA DECMETA $43;
17383      TARGET="class";
MPRINT(EM_DIAGRAM):   TARGET="class";
17384      DECDATA="EMWS1.Tree_class_DD";
MPRINT(EM_DIAGRAM):   DECDATA="EMWS1.Tree_class_DD";
17385      DECMETA="EMWS1.Tree_class_DM";
MPRINT(EM_DIAGRAM):   DECMETA="EMWS1.Tree_class_DM";
17386      output;
MPRINT(EM_DIAGRAM):   output;
17387      run;
MPRINT(EM_DIAGRAM):   run;

NOTE: The data set WORK.EM_TARGETDECINFO has 1 observations and 3 variables.
NOTE: DATA statement used (Total process time):
      real time           0.00 seconds
      cpu time            0.01 seconds
      

17388      %let emexceptionString =;
17389      %let EMEXCEPTIONSTRING=;
17390      *------------------------------------------------------------*;
MPRINT(EM_DIAGRAM):   *------------------------------------------------------------*;
17391      * UPDATE: Tree;
MPRINT(EM_DIAGRAM):   * UPDATE: Tree;
17392      *------------------------------------------------------------*;
MPRINT(EM_DIAGRAM):   *------------------------------------------------------------*;
17393      %let EM_ACTION = UPDATE;
17394      %let syscc = 0;
17395      %macro main;
17396      
17397        %if %upcase(&EM_ACTION) = CREATE %then %do;
17398          filename temp catalog 'sashelp.emmodl.tree_create.source';
17399          %include temp;
17400          filename temp;
17401      
17402          %em_tree_create;
17403        %end;
17404      
17405         %else
17406         %if %upcase(&EM_ACTION) = TRAIN %then %do;
17407      
17408             filename temp catalog 'sashelp.emmodl.tree_train.source';
17409             %include temp;
17410             filename temp;
17411             %em_tree_train;
17412         %end;
17413      
17414        %else
17415        %if %upcase(&EM_ACTION) = SCORE %then %do;
17416          filename temp catalog 'sashelp.emmodl.tree_score.source';
17417          %include temp;
17418          filename temp;
17419      
17420          %em_tree_score;
17421      
17422        %end;
17423      
17424        %else
17425        %if %upcase(&EM_ACTION) = REPORT %then %do;
17426      
17427             filename temp catalog 'sashelp.emmodl.tree_report.source';
17428             %include temp;
17429             filename temp;
17430      
17431             %em_tree_report;
17432         %end;
17433      
17434        %else
17435        %if %upcase(&EM_ACTION) = OPENINT %then %do;
17436      
17437             filename temp catalog 'sashelp.emmodl.tree_actions.source';
17438             %include temp;
17439             filename temp;
17440             %EM_TREE_OPENTREEVIEWER;
17441      
17442         %end;
17443      
17444        %else
17445        %if %upcase(&EM_ACTION) = CLOSEINT %then %do;
17446      
17447             filename temp catalog 'sashelp.emmodl.tree_actions.source';
17448             %include temp;
17449             filename temp;
17450             %EM_TREE_CLOSETREEVIEWER;
17451      
17452         %end;
17453      
17454      
17455         %doendm:
17456      %mend main;
17457      
17458      %main;
MPRINT(EM_DIAGRAM):    
MPRINT(EM_DIAGRAM):  ;
17459      
17460      *------------------------------------------------------------*;
MPRINT(EM_DIAGRAM):   *------------------------------------------------------------*;
17461      * End UPDATE: Tree;
MPRINT(EM_DIAGRAM):   * End UPDATE: Tree;
17462      *------------------------------------------------------------*;
MPRINT(EM_DIAGRAM):   *------------------------------------------------------------*;

17463      %em_delMacro;
MPRINT(EM_DIAGRAM):   
MPRINT(EM_DIAGRAM):  ;

MPRINT(EM_DIAGRAM):    filename _emtool_ 'C:\Users\brahm\OneDrive\Desktop\BAN210_Project\Workspaces\EMWS1\Tree\PROPERTIES.xml' encoding="UTF-8" NOBOM;
17465      %let _HPDMGRIDHOST=;
17466      %let _HPDMGRIDINSTALLLOC=;
17467      %let _HPDMGRIDDATASERVER=;
17468      %hpdm_gridSetOPtions;
MPRINT(EM_DIAGRAM):   
MPRINT(HPDM_GRIDSETOPTIONS):   data _null_;
MPRINT(HPDM_GRIDSETOPTIONS):   length optionString string $2000;
MPRINT(HPDM_GRIDSETOPTIONS):   optionString = reverse(getoption('SET'));
MPRINT(HPDM_GRIDSETOPTIONS):   index = index(optionString, reverse('GRIDHOST'));
MPRINT(HPDM_GRIDSETOPTIONS):   if index then do;
MPRINT(HPDM_GRIDSETOPTIONS):   string = reverse(substr(optionString, 1, index-4));
MPRINT(HPDM_GRIDSETOPTIONS):   host = '"'!!strip(tranwrd(scan(string, 1, ']'), '"', ''))!!'"';
MPRINT(HPDM_GRIDSETOPTIONS):   call symput('_HPDMGRIDHOST', strip(host));
MPRINT(HPDM_GRIDSETOPTIONS):   end;
MPRINT(HPDM_GRIDSETOPTIONS):   index = index(optionString, reverse('GRIDINSTALLLOC'));
MPRINT(HPDM_GRIDSETOPTIONS):   if index then do;
MPRINT(HPDM_GRIDSETOPTIONS):   string = reverse(substr(optionString, 1, index-4));
MPRINT(HPDM_GRIDSETOPTIONS):   install = '"'!!strip(tranwrd(scan(string, 1, ']'), '"', ''))!!'"';
MPRINT(HPDM_GRIDSETOPTIONS):   call symput('_HPDMGRIDINSTALLLOC', strip(install));
MPRINT(HPDM_GRIDSETOPTIONS):   end;
MPRINT(HPDM_GRIDSETOPTIONS):   index = index(optionString, reverse('GRIDDATASERVER'));
MPRINT(HPDM_GRIDSETOPTIONS):   if index then do;
MPRINT(HPDM_GRIDSETOPTIONS):   string = reverse(substr(optionString, 1, index-4));
MPRINT(HPDM_GRIDSETOPTIONS):   server = '"'!!strip(tranwrd(scan(string, 1, ']'), '"', ''))!!'"';
MPRINT(HPDM_GRIDSETOPTIONS):   call symput('_HPDMGRIDDATASERVER', strip(server));
MPRINT(HPDM_GRIDSETOPTIONS):   end;
MPRINT(HPDM_GRIDSETOPTIONS):   run;

NOTE: DATA statement used (Total process time):
      real time           0.00 seconds
      cpu time            0.00 seconds
      

MPRINT(EM_DIAGRAM):  ;

*------------------------------------------------------------* 
* 
* Tree : End update 
* datetime : 07AUG2022:20:09:42 
* 
*------------------------------------------------------------* 
17469      %em_getactionstatus(emlib =EMWS1, nodeid=Tree);
MPRINT(EM_DIAGRAM):   
MPRINT(EM_GETACTIONSTATUS):   proc display c=sashelp.emutil.getactionstatus.scl;
MPRINT(EM_GETACTIONSTATUS):   run;

17470      %let em_filemodtime=;
17471      data _null_;
MPRINT(EM_GETACTIONSTATUS):   data _null_;
17472      format modate best.;
MPRINT(EM_GETACTIONSTATUS):   format modate best.;
17473      set sashelp.Vextfl;
MPRINT(EM_GETACTIONSTATUS):   set sashelp.Vextfl;
17474      where fileref eq "#LN00254";
MPRINT(EM_GETACTIONSTATUS):   where fileref eq "#LN00254";
17475      call symput('EM_FILEMODTIME', put(modate, best.));
MPRINT(EM_GETACTIONSTATUS):   call symput('EM_FILEMODTIME', put(modate, best.));
17476      run;
MPRINT(EM_GETACTIONSTATUS):   run;

NOTE: There were 1 observations read from the data set SASHELP.VEXTFL.
      WHERE fileref='#LN00254';
NOTE: DATA statement used (Total process time):
      real time           0.01 seconds
      cpu time            0.00 seconds
      

17477      %symdel em_filemodtime;
WARNING: Attempt to delete macro variable EM_FILEMODTIME failed. Variable not found.
17478      %let em_Train = N;
17479      %let em_Score = N;
17480      %let em_Report = N;
17481      %let em_Run = N;
NOTE: PROCEDURE DISPLAY used (Total process time):
      real time           0.01 seconds
      cpu time            0.00 seconds
      

MPRINT(EM_GETACTIONSTATUS):     
MPRINT(EM_DIAGRAM):  ;

Node "Tree" has already run. 
Node "Tree" succeeded. 
17482      data _null_;
MPRINT(EM_DIAGRAM):    data _null_;
17483      file emwipmsg;
MPRINT(EM_DIAGRAM):   file emwipmsg;
17484      put '<Node Id="Tree" Event="Complete" Pid="12580" Gridid=""/>';
MPRINT(EM_DIAGRAM):   put '<Node Id="Tree" Event="Complete" Pid="12580" Gridid=""/>';
17485      run;
MPRINT(EM_DIAGRAM):   run;

NOTE: The file EMWIPMSG is:
      Local Host Name=DESKTOP-VQ3H6HR,
      Local Host IP addr=fe80::99a:960c:9caf:62cb%7,
      Peer Hostname Name=DESKTOP-VQ3H6HR,
      Peer IP addr=127.0.0.1,Peer Name=N/A,
      Peer Portno=61800,Lrecl=32767,Recfm=Variable

NOTE: 1 record was written to the file EMWIPMSG.
      The minimum record length was 56.
      The maximum record length was 56.
NOTE: DATA statement used (Total process time):
      real time           0.00 seconds
      cpu time            0.00 seconds
      

Traverser: Run Completed 
17486      data _null_;
MPRINT(EM_DIAGRAM):    data _null_;
17487      file emwipmsg;
MPRINT(EM_DIAGRAM):   file emwipmsg;
17488      put '<Diagram Event="Complete"/>';
MPRINT(EM_DIAGRAM):   put '<Diagram Event="Complete"/>';
17489      run;
MPRINT(EM_DIAGRAM):   run;

NOTE: The file EMWIPMSG is:
      Local Host Name=DESKTOP-VQ3H6HR,
      Local Host IP addr=fe80::99a:960c:9caf:62cb%7,
      Peer Hostname Name=DESKTOP-VQ3H6HR,
      Peer IP addr=127.0.0.1,Peer Name=N/A,
      Peer Portno=61800,Lrecl=32767,Recfm=Variable

NOTE: 1 record was written to the file EMWIPMSG.
      The minimum record length was 27.
      The maximum record length was 27.
NOTE: DATA statement used (Total process time):
      real time           0.00 seconds
      cpu time            0.00 seconds
      

17490      filename emwipmsg;
MPRINT(EM_DIAGRAM):    filename emwipmsg;
NOTE: Fileref EMWIPMSG has been deassigned.
17491      proc printto;
MPRINT(EM_DIAGRAM):    proc printto;
17492      run;
MPRINT(EM_DIAGRAM):   run;

